<?xml version="1.0" encoding="UTF-8"?>
<!-- Generated by org.testng.reporters.JUnitXMLReporter -->
<testsuite ignored="0" hostname="MSI" failures="1" tests="2" name="Default test" time="11.564" errors="0" timestamp="2025-05-24T21:16:56 IST">
  <testcase classname="io.cucumber.testng.AbstractTestNGCucumberTests" name="runScenario" time="4.943">
    <failure type="java.lang.AssertionError" message="expected [true] but found [false]">
      <![CDATA[java.lang.AssertionError: expected [true] but found [false]
at org.testng.Assert.fail(Assert.java:110)
at org.testng.Assert.failNotEquals(Assert.java:1413)
at org.testng.Assert.assertTrue(Assert.java:56)
at org.testng.Assert.assertTrue(Assert.java:66)
at uiAppFeature.FlipkartHomePageSteps.title_contains(FlipkartHomePageSteps.java:28)
at âœ½.Title contains "Atul"(file:///C:/Users/Atulp/eclipse-workspace/AtulWorkSpace/GitPracticenewGIT%20user/GitPractice/src/test/resources/uiappfeature/FlipkartHomePage.feature:5)
]]>
    </failure>
  </testcase> <!-- runScenario -->
  <testcase classname="io.cucumber.testng.AbstractTestNGCucumberTests" name="runScenario" time="6.005"/>
</testsuite> <!-- Default test -->
