<?xml version="1.0" encoding="UTF-8"?>
<testng-results ignored="0" total="2" passed="1" failed="1" skipped="0">
  <reporter-output>
  </reporter-output>
  <suite started-at="2025-05-24T21:16:44 IST" name="Default suite" finished-at="2025-05-24T21:16:56 IST" duration-ms="11564">
    <groups>
      <group name="cucumber">
        <method signature="AbstractTestNGCucumberTests.runScenario(io.cucumber.testng.PickleWrapper,io.cucumber.testng.FeatureWrapper)[pri:0, instance:uiAppFeature.AmazonTestRunner@79e4c792]" name="runScenario" class="io.cucumber.testng.AbstractTestNGCucumberTests"/>
      </group> <!-- cucumber -->
    </groups>
    <test started-at="2025-05-24T21:16:44 IST" name="Default test" finished-at="2025-05-24T21:16:56 IST" duration-ms="11564">
      <class name="uiAppFeature.AmazonTestRunner">
        <test-method is-config="true" signature="setUpClass(org.testng.ITestContext)[pri:0, instance:uiAppFeature.AmazonTestRunner@79e4c792]" started-at="2025-05-24T21:16:44 IST" name="setUpClass" finished-at="2025-05-24T21:16:45 IST" duration-ms="548" status="PASS">
          <params>
            <param index="0">
              <value>
                <![CDATA[org.testng.TestRunner@2b03d52f]]>
              </value>
            </param>
          </params>
          <reporter-output>
          </reporter-output>
        </test-method> <!-- setUpClass -->
        <test-method signature="runScenario(io.cucumber.testng.PickleWrapper,io.cucumber.testng.FeatureWrapper)[pri:0, instance:uiAppFeature.AmazonTestRunner@79e4c792]" started-at="2025-05-24T21:16:45 IST" name="runScenario" description="Runs Cucumber Scenarios" data-provider="scenarios" finished-at="2025-05-24T21:16:50 IST" duration-ms="4943" status="FAIL">
          <params>
            <param index="0">
              <value>
                <![CDATA["Verify title of page"]]>
              </value>
            </param>
            <param index="1">
              <value>
                <![CDATA["Verify Flipkart HomePage"]]>
              </value>
            </param>
          </params>
          <exception class="java.lang.AssertionError">
            <message>
              <![CDATA[expected [true] but found [false]]]>
            </message>
            <full-stacktrace>
              <![CDATA[java.lang.AssertionError: expected [true] but found [false]
at org.testng.Assert.fail(Assert.java:110)
at org.testng.Assert.failNotEquals(Assert.java:1413)
at org.testng.Assert.assertTrue(Assert.java:56)
at org.testng.Assert.assertTrue(Assert.java:66)
at uiAppFeature.FlipkartHomePageSteps.title_contains(FlipkartHomePageSteps.java:28)
at âœ½.Title contains "Atul"(file:///C:/Users/Atulp/eclipse-workspace/AtulWorkSpace/GitPracticenewGIT%20user/GitPractice/src/test/resources/uiappfeature/FlipkartHomePage.feature:5)
]]>
            </full-stacktrace>
          </exception> <!-- java.lang.AssertionError -->
          <reporter-output>
          </reporter-output>
        </test-method> <!-- runScenario -->
        <test-method signature="runScenario(io.cucumber.testng.PickleWrapper,io.cucumber.testng.FeatureWrapper)[pri:0, instance:uiAppFeature.AmazonTestRunner@79e4c792]" started-at="2025-05-24T21:16:50 IST" name="runScenario" description="Runs Cucumber Scenarios" data-provider="scenarios" finished-at="2025-05-24T21:16:56 IST" duration-ms="6005" status="PASS">
          <params>
            <param index="0">
              <value>
                <![CDATA["Verify search Functionality"]]>
              </value>
            </param>
            <param index="1">
              <value>
                <![CDATA["Verify Flipkart HomePage"]]>
              </value>
            </param>
          </params>
          <reporter-output>
          </reporter-output>
        </test-method> <!-- runScenario -->
        <test-method is-config="true" signature="tearDownClass()[pri:0, instance:uiAppFeature.AmazonTestRunner@79e4c792]" started-at="2025-05-24T21:16:56 IST" name="tearDownClass" finished-at="2025-05-24T21:16:56 IST" duration-ms="24" status="PASS">
          <reporter-output>
          </reporter-output>
        </test-method> <!-- tearDownClass -->
      </class> <!-- uiAppFeature.AmazonTestRunner -->
    </test> <!-- Default test -->
  </suite> <!-- Default suite -->
</testng-results>
